2025-05-01 16:49:01 - INFO - ============================================================
2025-05-01 16:49:01 - INFO - 应用程序启动 - 时间: 2025-05-01 16:49:01
2025-05-01 16:50:40 - INFO - ============================================================
2025-05-01 16:50:40 - INFO - 应用程序启动 - 时间: 2025-05-01 16:50:40
2025-05-01 16:51:14 - INFO - ============================================================
2025-05-01 16:51:14 - INFO - 应用程序启动 - 时间: 2025-05-01 16:51:14
2025-05-01 16:51:23 - INFO - 调用开始: __main__.excel_search | 参数: () | 关键字参数: {}
2025-05-01 16:51:27 - INFO - ============================================================
2025-05-01 16:51:27 - INFO - 应用程序启动 - 时间: 2025-05-01 16:51:27
2025-05-01 16:51:27 - INFO - ============================================================
2025-05-01 16:51:27 - INFO - 应用程序启动 - 时间: 2025-05-01 16:51:27
2025-05-01 16:51:27 - INFO - ============================================================
2025-05-01 16:51:27 - INFO - 应用程序启动 - 时间: 2025-05-01 16:51:27
2025-05-01 16:51:27 - INFO - ============================================================
2025-05-01 16:51:27 - INFO - 应用程序启动 - 时间: 2025-05-01 16:51:27
2025-05-01 16:51:27 - INFO - ============================================================
2025-05-01 16:51:27 - INFO - 应用程序启动 - 时间: 2025-05-01 16:51:27
2025-05-01 16:51:27 - INFO - ============================================================
2025-05-01 16:51:27 - INFO - 应用程序启动 - 时间: 2025-05-01 16:51:27
2025-05-01 16:51:27 - INFO - ============================================================
2025-05-01 16:51:27 - INFO - 应用程序启动 - 时间: 2025-05-01 16:51:27
2025-05-01 16:51:27 - INFO - ============================================================
2025-05-01 16:51:27 - INFO - 应用程序启动 - 时间: 2025-05-01 16:51:27
2025-05-01 16:51:41 - INFO - 调用开始: __main__.excel_search | 参数: () | 关键字参数: {}
2025-05-01 16:51:43 - INFO - 调用成功: __main__.excel_search | 返回: None
2025-05-01 16:51:51 - INFO - ============================================================
2025-05-01 16:51:51 - INFO - 应用程序启动 - 时间: 2025-05-01 16:51:51
2025-05-01 16:51:56 - INFO - 调用开始: __main__.excel_search | 参数: () | 关键字参数: {}
2025-05-01 16:51:59 - INFO - ============================================================
2025-05-01 16:51:59 - INFO - 应用程序启动 - 时间: 2025-05-01 16:51:59
2025-05-01 16:51:59 - INFO - ============================================================
2025-05-01 16:51:59 - INFO - 应用程序启动 - 时间: 2025-05-01 16:51:59
2025-05-01 16:51:59 - INFO - ============================================================
2025-05-01 16:51:59 - INFO - 应用程序启动 - 时间: 2025-05-01 16:51:59
2025-05-01 16:51:59 - INFO - ============================================================
2025-05-01 16:51:59 - INFO - 应用程序启动 - 时间: 2025-05-01 16:51:59
2025-05-01 16:51:59 - INFO - ============================================================
2025-05-01 16:51:59 - INFO - 应用程序启动 - 时间: 2025-05-01 16:51:59
2025-05-01 16:51:59 - INFO - ============================================================
2025-05-01 16:51:59 - INFO - 应用程序启动 - 时间: 2025-05-01 16:51:59
2025-05-01 16:51:59 - INFO - ============================================================
2025-05-01 16:51:59 - INFO - 应用程序启动 - 时间: 2025-05-01 16:51:59
2025-05-01 16:51:59 - INFO - ============================================================
2025-05-01 16:51:59 - INFO - 应用程序启动 - 时间: 2025-05-01 16:51:59
2025-05-01 16:52:44 - INFO - 应用程序关闭 - 时间: 2025-05-01 16:52:44
2025-05-01 16:52:44 - INFO - ============================================================
2025-05-01 16:55:01 - INFO - ============================================================
2025-05-01 16:55:01 - INFO - 应用程序启动 - 时间: 2025-05-01 16:55:01
2025-05-01 16:55:08 - INFO - 调用开始: __main__.excel_search | 参数: () | 关键字参数: {}
2025-05-01 16:55:11 - INFO - ============================================================
2025-05-01 16:55:11 - INFO - 应用程序启动 - 时间: 2025-05-01 16:55:11
2025-05-01 16:55:11 - INFO - ============================================================
2025-05-01 16:55:11 - INFO - 应用程序启动 - 时间: 2025-05-01 16:55:11
2025-05-01 16:55:11 - INFO - ============================================================
2025-05-01 16:55:11 - INFO - 应用程序启动 - 时间: 2025-05-01 16:55:11
2025-05-01 16:55:11 - INFO - ============================================================
2025-05-01 16:55:11 - INFO - 应用程序启动 - 时间: 2025-05-01 16:55:11
2025-05-01 16:55:11 - INFO - ============================================================
2025-05-01 16:55:11 - INFO - 应用程序启动 - 时间: 2025-05-01 16:55:11
2025-05-01 16:55:11 - INFO - ============================================================
2025-05-01 16:55:11 - INFO - 应用程序启动 - 时间: 2025-05-01 16:55:11
2025-05-01 16:55:11 - INFO - ============================================================
2025-05-01 16:55:11 - INFO - 应用程序启动 - 时间: 2025-05-01 16:55:11
2025-05-01 16:55:11 - INFO - ============================================================
2025-05-01 16:55:11 - INFO - 应用程序启动 - 时间: 2025-05-01 16:55:11
2025-05-01 16:55:21 - INFO - ============================================================
2025-05-01 16:55:21 - INFO - 应用程序启动 - 时间: 2025-05-01 16:55:21
2025-05-01 16:55:25 - INFO - 调用开始: __main__.excel_search | 参数: () | 关键字参数: {}
2025-05-01 16:55:28 - INFO - ============================================================
2025-05-01 16:55:28 - INFO - 应用程序启动 - 时间: 2025-05-01 16:55:28
2025-05-01 16:55:28 - INFO - ============================================================
2025-05-01 16:55:28 - INFO - 应用程序启动 - 时间: 2025-05-01 16:55:28
2025-05-01 16:55:28 - INFO - ============================================================
2025-05-01 16:55:28 - INFO - 应用程序启动 - 时间: 2025-05-01 16:55:28
2025-05-01 16:55:28 - INFO - ============================================================
2025-05-01 16:55:28 - INFO - 应用程序启动 - 时间: 2025-05-01 16:55:28
2025-05-01 16:55:28 - INFO - ============================================================
2025-05-01 16:55:28 - INFO - 应用程序启动 - 时间: 2025-05-01 16:55:28
2025-05-01 16:55:28 - INFO - ============================================================
2025-05-01 16:55:28 - INFO - 应用程序启动 - 时间: 2025-05-01 16:55:28
2025-05-01 16:55:28 - INFO - ============================================================
2025-05-01 16:55:28 - INFO - 应用程序启动 - 时间: 2025-05-01 16:55:28
2025-05-01 16:55:28 - INFO - ============================================================
2025-05-01 16:55:28 - INFO - 应用程序启动 - 时间: 2025-05-01 16:55:28
2025-05-01 17:03:13 - INFO - ============================================================
2025-05-01 17:03:13 - INFO - 应用程序启动 - 时间: 2025-05-01 17:03:13
2025-05-01 17:03:24 - INFO - 调用开始: __main__.excel_search | 参数: () | 关键字参数: {}
2025-05-01 17:03:25 - INFO - 调用成功: __main__.excel_search | 返回: None
2025-05-01 17:03:29 - INFO - 调用开始: __main__.excel_search | 参数: () | 关键字参数: {}
2025-05-01 17:03:32 - INFO - ============================================================
2025-05-01 17:03:32 - INFO - 应用程序启动 - 时间: 2025-05-01 17:03:32
2025-05-01 17:03:32 - INFO - ============================================================
2025-05-01 17:03:32 - INFO - 应用程序启动 - 时间: 2025-05-01 17:03:32
2025-05-01 17:03:32 - INFO - ============================================================
2025-05-01 17:03:32 - INFO - 应用程序启动 - 时间: 2025-05-01 17:03:32
2025-05-01 17:03:32 - INFO - ============================================================
2025-05-01 17:03:32 - INFO - 应用程序启动 - 时间: 2025-05-01 17:03:32
2025-05-01 17:03:32 - INFO - ============================================================
2025-05-01 17:03:32 - INFO - 应用程序启动 - 时间: 2025-05-01 17:03:32
2025-05-01 17:03:32 - INFO - ============================================================
2025-05-01 17:03:32 - INFO - 应用程序启动 - 时间: 2025-05-01 17:03:32
2025-05-01 17:03:32 - INFO - ============================================================
2025-05-01 17:03:32 - INFO - 应用程序启动 - 时间: 2025-05-01 17:03:32
2025-05-01 17:03:32 - INFO - ============================================================
2025-05-01 17:03:32 - INFO - 应用程序启动 - 时间: 2025-05-01 17:03:32
2025-05-01 17:03:40 - INFO - 调用开始: __main__.excel_search | 参数: () | 关键字参数: {}
2025-05-01 17:03:41 - INFO - 调用成功: __main__.excel_search | 返回: None
2025-05-01 17:03:45 - INFO - 调用开始: __main__.excel_search | 参数: () | 关键字参数: {}
2025-05-01 17:03:45 - INFO - 调用成功: __main__.excel_search | 返回: None
2025-05-01 17:03:51 - INFO - 调用开始: __main__.excel_search | 参数: () | 关键字参数: {}
2025-05-01 17:03:53 - INFO - ============================================================
2025-05-01 17:03:53 - INFO - 应用程序启动 - 时间: 2025-05-01 17:03:53
2025-05-01 17:03:53 - INFO - ============================================================
2025-05-01 17:03:53 - INFO - 应用程序启动 - 时间: 2025-05-01 17:03:53
2025-05-01 17:03:53 - INFO - ============================================================
2025-05-01 17:03:53 - INFO - 应用程序启动 - 时间: 2025-05-01 17:03:53
2025-05-01 17:03:53 - INFO - ============================================================
2025-05-01 17:03:53 - INFO - 应用程序启动 - 时间: 2025-05-01 17:03:53
2025-05-01 17:03:53 - INFO - ============================================================
2025-05-01 17:03:53 - INFO - 应用程序启动 - 时间: 2025-05-01 17:03:53
2025-05-01 17:03:53 - INFO - ============================================================
2025-05-01 17:03:53 - INFO - 应用程序启动 - 时间: 2025-05-01 17:03:53
2025-05-01 17:03:53 - INFO - ============================================================
2025-05-01 17:03:53 - INFO - 应用程序启动 - 时间: 2025-05-01 17:03:53
2025-05-01 17:03:53 - INFO - ============================================================
2025-05-01 17:03:53 - INFO - 应用程序启动 - 时间: 2025-05-01 17:03:53
2025-05-01 17:12:17 - INFO - ============================================================
2025-05-01 17:12:17 - INFO - 应用程序启动 - 时间: 2025-05-01 17:12:17
2025-05-01 17:12:22 - INFO - 调用开始: __main__.excel_search | 参数: () | 关键字参数: {}
2025-05-01 17:12:25 - INFO - ============================================================
2025-05-01 17:12:25 - INFO - 应用程序启动 - 时间: 2025-05-01 17:12:25
2025-05-01 17:12:25 - INFO - ============================================================
2025-05-01 17:12:25 - INFO - 应用程序启动 - 时间: 2025-05-01 17:12:25
2025-05-01 17:12:25 - INFO - ============================================================
2025-05-01 17:12:25 - INFO - 应用程序启动 - 时间: 2025-05-01 17:12:25
2025-05-01 17:12:25 - INFO - ============================================================
2025-05-01 17:12:25 - INFO - 应用程序启动 - 时间: 2025-05-01 17:12:25
2025-05-01 17:12:25 - INFO - ============================================================
2025-05-01 17:12:25 - INFO - 应用程序启动 - 时间: 2025-05-01 17:12:25
2025-05-01 17:12:25 - INFO - ============================================================
2025-05-01 17:12:25 - INFO - 应用程序启动 - 时间: 2025-05-01 17:12:25
2025-05-01 17:12:25 - INFO - ============================================================
2025-05-01 17:12:25 - INFO - 应用程序启动 - 时间: 2025-05-01 17:12:25
2025-05-01 17:12:25 - INFO - ============================================================
2025-05-01 17:12:25 - INFO - 应用程序启动 - 时间: 2025-05-01 17:12:25
2025-05-01 17:14:34 - INFO - ============================================================
2025-05-01 17:14:34 - INFO - 应用程序启动 - 时间: 2025-05-01 17:14:34
2025-05-01 17:14:38 - INFO - 调用开始: __main__.excel_search | 参数: () | 关键字参数: {}
2025-05-01 17:14:41 - INFO - ============================================================
2025-05-01 17:14:41 - INFO - 应用程序启动 - 时间: 2025-05-01 17:14:41
2025-05-01 17:14:41 - INFO - ============================================================
2025-05-01 17:14:41 - INFO - 应用程序启动 - 时间: 2025-05-01 17:14:41
2025-05-01 17:14:41 - INFO - ============================================================
2025-05-01 17:14:41 - INFO - 应用程序启动 - 时间: 2025-05-01 17:14:41
2025-05-01 17:14:41 - INFO - ============================================================
2025-05-01 17:14:41 - INFO - 应用程序启动 - 时间: 2025-05-01 17:14:41
2025-05-01 17:14:41 - INFO - ============================================================
2025-05-01 17:14:41 - INFO - 应用程序启动 - 时间: 2025-05-01 17:14:41
2025-05-01 17:14:41 - INFO - ============================================================
2025-05-01 17:14:41 - INFO - 应用程序启动 - 时间: 2025-05-01 17:14:41
2025-05-01 17:14:41 - INFO - ============================================================
2025-05-01 17:14:41 - INFO - ============================================================
2025-05-01 17:14:41 - INFO - 应用程序启动 - 时间: 2025-05-01 17:14:41
2025-05-01 17:14:50 - INFO - 应用程序关闭 - 时间: 2025-05-01 17:14:50
2025-05-01 17:14:50 - INFO - ============================================================
2025-05-01 17:14:50 - INFO - 应用程序关闭 - 时间: 2025-05-01 17:14:50
2025-05-01 17:14:50 - INFO - 应用程序关闭 - 时间: 2025-05-01 17:14:50
2025-05-01 17:14:50 - INFO - ============================================================
2025-05-01 17:14:50 - INFO - ============================================================
2025-05-01 17:14:50 - INFO - 应用程序关闭 - 时间: 2025-05-01 17:14:50
2025-05-01 17:14:50 - INFO - ============================================================
2025-05-01 17:14:50 - INFO - 应用程序关闭 - 时间: 2025-05-01 17:14:50
2025-05-01 17:14:50 - INFO - ============================================================
2025-05-01 17:14:50 - INFO - 应用程序关闭 - 时间: 2025-05-01 17:14:50
2025-05-01 17:14:50 - INFO - 应用程序关闭 - 时间: 2025-05-01 17:14:50
2025-05-01 17:14:50 - INFO - 应用程序关闭 - 时间: 2025-05-01 17:14:50
2025-05-01 17:14:51 - INFO - 调用成功: __main__.excel_search | 返回: None
2025-05-01 17:15:14 - INFO - 调用开始: __main__.excel_search | 参数: () | 关键字参数: {}
2025-05-01 17:15:17 - INFO - ============================================================
2025-05-01 17:15:17 - INFO - 应用程序启动 - 时间: 2025-05-01 17:15:17
2025-05-01 17:15:17 - INFO - ============================================================
2025-05-01 17:15:17 - INFO - 应用程序启动 - 时间: 2025-05-01 17:15:17
2025-05-01 17:15:17 - INFO - ============================================================
2025-05-01 17:15:17 - INFO - 应用程序启动 - 时间: 2025-05-01 17:15:17
2025-05-01 17:15:17 - INFO - ============================================================
2025-05-01 17:15:17 - INFO - 应用程序启动 - 时间: 2025-05-01 17:15:17
2025-05-01 17:15:17 - INFO - ============================================================
2025-05-01 17:15:17 - INFO - 应用程序启动 - 时间: 2025-05-01 17:15:17
2025-05-01 17:15:17 - INFO - ============================================================
2025-05-01 17:15:17 - INFO - 应用程序启动 - 时间: 2025-05-01 17:15:17
2025-05-01 17:15:17 - INFO - ============================================================
2025-05-01 17:15:17 - INFO - 应用程序启动 - 时间: 2025-05-01 17:15:17
2025-05-01 17:15:17 - INFO - ============================================================
2025-05-01 17:15:17 - INFO - 应用程序启动 - 时间: 2025-05-01 17:15:17
2025-05-01 17:15:23 - INFO - 应用程序关闭 - 时间: 2025-05-01 17:15:23
2025-05-01 17:15:23 - INFO - ============================================================
2025-05-01 17:15:23 - INFO - ============================================================
2025-05-01 17:15:23 - INFO - 应用程序关闭 - 时间: 2025-05-01 17:15:23
2025-05-01 17:15:23 - INFO - ============================================================
2025-05-01 17:15:23 - INFO - 应用程序关闭 - 时间: 2025-05-01 17:15:23
2025-05-01 17:15:23 - INFO - ============================================================
2025-05-01 17:15:23 - INFO - 应用程序关闭 - 时间: 2025-05-01 17:15:23
2025-05-01 17:15:23 - INFO - ============================================================
2025-05-01 17:15:23 - INFO - 应用程序关闭 - 时间: 2025-05-01 17:15:23
2025-05-01 17:15:23 - INFO - ============================================================
2025-05-01 17:15:23 - INFO - 应用程序关闭 - 时间: 2025-05-01 17:15:23
2025-05-01 17:15:23 - INFO - 应用程序关闭 - 时间: 2025-05-01 17:15:23
2025-05-01 17:15:23 - INFO - ============================================================
2025-05-01 17:15:23 - INFO - ============================================================
2025-05-01 17:15:24 - INFO - 调用成功: __main__.excel_search | 返回: None
2025-05-01 17:17:38 - INFO - ============================================================
2025-05-01 17:17:38 - INFO - 应用程序启动 - 时间: 2025-05-01 17:17:38
2025-05-01 17:17:47 - INFO - 调用开始: __main__.excel_search | 参数: () | 关键字参数: {}
2025-05-01 17:17:50 - INFO - ============================================================
2025-05-01 17:17:50 - INFO - 应用程序启动 - 时间: 2025-05-01 17:17:50
2025-05-01 17:17:50 - INFO - ============================================================
2025-05-01 17:17:50 - INFO - 应用程序启动 - 时间: 2025-05-01 17:17:50
2025-05-01 17:17:50 - INFO - ============================================================
2025-05-01 17:17:50 - INFO - 应用程序启动 - 时间: 2025-05-01 17:17:50
2025-05-01 17:17:50 - INFO - ============================================================
2025-05-01 17:17:50 - INFO - 应用程序启动 - 时间: 2025-05-01 17:17:50
2025-05-01 17:17:50 - INFO - ============================================================
2025-05-01 17:17:50 - INFO - 应用程序启动 - 时间: 2025-05-01 17:17:50
2025-05-01 17:17:50 - INFO - ============================================================
2025-05-01 17:17:50 - INFO - 应用程序启动 - 时间: 2025-05-01 17:17:50
2025-05-01 17:17:50 - INFO - ============================================================
2025-05-01 17:17:50 - INFO - 应用程序启动 - 时间: 2025-05-01 17:17:50
2025-05-01 17:17:50 - INFO - ============================================================
2025-05-01 17:17:50 - INFO - 应用程序启动 - 时间: 2025-05-01 17:17:50
2025-05-01 17:17:56 - INFO - 应用程序关闭 - 时间: 2025-05-01 17:17:56
2025-05-01 17:17:56 - INFO - ============================================================
2025-05-01 17:17:56 - INFO - 应用程序关闭 - 时间: 2025-05-01 17:17:56
2025-05-01 17:17:56 - INFO - ============================================================
2025-05-01 17:17:56 - INFO - 应用程序关闭 - 时间: 2025-05-01 17:17:56
2025-05-01 17:17:56 - INFO - 应用程序关闭 - 时间: 2025-05-01 17:17:56
==========
2025-05-01 17:17:56 - INFO - ============================================================
2025-05-01 17:17:56 - INFO - 应用程序关闭 - 时间: 2025-05-01 17:17:56
2025-05-01 17:17:56 - INFO - ============================================================
2025-05-01 17:17:56 - INFO - 应用程序关闭 - 时间: 2025-05-01 17:17:56
2025-05-01 17:17:56 - INFO - ============================================================
2025-05-01 17:17:56 - INFO - 应用程序关闭 - 时间: 2025-05-01 17:17:56
2025-05-01 17:17:56 - INFO - ============================================================
2025-05-01 17:17:57 - INFO - 调用成功: __main__.excel_search | 返回: None
