2025-05-03 17:53:27 - INFO - ============================================================
2025-05-03 17:53:27 - INFO - 应用程序启动 - 时间: 2025-05-03 17:53:27
2025-05-03 17:54:01 - INFO - ============================================================
2025-05-03 17:54:01 - INFO - 应用程序启动 - 时间: 2025-05-03 17:54:01
2025-05-03 17:54:23 - INFO - ============================================================
2025-05-03 17:54:23 - INFO - 应用程序启动 - 时间: 2025-05-03 17:54:23
2025-05-03 17:54:31 - INFO - ============================================================
2025-05-03 17:54:31 - INFO - 应用程序启动 - 时间: 2025-05-03 17:54:31
2025-05-03 17:54:33 - INFO - 应用程序关闭 - 时间: 2025-05-03 17:54:33
2025-05-03 17:54:33 - INFO - ============================================================
2025-05-03 17:54:36 - INFO - ============================================================
2025-05-03 17:54:36 - INFO - 应用程序启动 - 时间: 2025-05-03 17:54:36
2025-05-03 17:54:41 - INFO - 调用开始: __main__.extract | 参数: () | 关键字参数: {}
2025-05-03 17:54:42 - INFO - 调用成功: __main__.extract | 返回: False
2025-05-03 17:54:51 - INFO - 调用开始: __main__.extract | 参数: () | 关键字参数: {}
2025-05-03 17:54:51 - INFO - 调用成功: __main__.extract | 返回: True
2025-05-03 17:54:51 - INFO - 调用开始: __main__.search | 参数: () | 关键字参数: {}
2025-05-03 17:55:12 - INFO - ============================================================
2025-05-03 17:55:12 - INFO - 应用程序启动 - 时间: 2025-05-03 17:55:12
2025-05-03 17:55:23 - INFO - 调用开始: __main__.extract | 参数: () | 关键字参数: {}
2025-05-03 17:55:23 - INFO - 调用成功: __main__.extract | 返回: True
2025-05-03 17:55:25 - INFO - 调用开始: __main__.search | 参数: () | 关键字参数: {}
2025-05-03 17:55:30 - INFO - 调用成功: __main__.search | 返回: True
2025-05-03 17:55:39 - INFO - 调用开始: __main__.insert | 参数: () | 关键字参数: {}
2025-05-03 17:55:44 - INFO - 调用成功: __main__.insert | 返回: None
2025-05-03 17:55:52 - INFO - 调用开始: __main__.excel_search | 参数: () | 关键字参数: {}
2025-05-03 17:55:54 - INFO - 调用成功: __main__.excel_search | 返回: None
2025-05-03 17:55:59 - INFO - 调用开始: __main__.excel_search | 参数: () | 关键字参数: {}
2025-05-03 17:56:01 - INFO - ============================================================
2025-05-03 17:56:01 - INFO - 应用程序启动 - 时间: 2025-05-03 17:56:01
2025-05-03 17:56:01 - INFO - ============================================================
2025-05-03 17:56:01 - INFO - 应用程序启动 - 时间: 2025-05-03 17:56:01
2025-05-03 17:56:01 - INFO - ============================================================
2025-05-03 17:56:01 - INFO - 应用程序启动 - 时间: 2025-05-03 17:56:01
2025-05-03 17:56:01 - INFO - ============================================================
2025-05-03 17:56:01 - INFO - 应用程序启动 - 时间: 2025-05-03 17:56:01
2025-05-03 17:56:01 - INFO - ============================================================
2025-05-03 17:56:01 - INFO - 应用程序启动 - 时间: 2025-05-03 17:56:01
2025-05-03 17:56:01 - INFO - ============================================================
2025-05-03 17:56:01 - INFO - 应用程序启动 - 时间: 2025-05-03 17:56:01
2025-05-03 17:56:01 - INFO - ============================================================
2025-05-03 17:56:01 - INFO - 应用程序启动 - 时间: 2025-05-03 17:56:01
2025-05-03 17:56:01 - INFO - ============================================================
2025-05-03 17:56:01 - INFO - 应用程序启动 - 时间: 2025-05-03 17:56:01
2025-05-03 17:56:01 - INFO - 应用程序关闭 - 时间: 2025-05-03 17:56:01
2025-05-03 17:56:01 - INFO - ============================================================
2025-05-03 17:56:01 - INFO - 应用程序关闭 - 时间: 2025-05-03 17:56:01
2025-05-03 17:56:01 - INFO - ============================================================
2025-05-03 17:56:01 - INFO - 应用程序关闭 - 时间: 2025-05-03 17:56:01
2025-05-03 17:56:01 - INFO - 应用程序关闭 - 时间: 2025-05-03 17:56:01
2025-05-03 17:56:01 - INFO - ============================================================
2025-05-03 17:56:01 - INFO - 应用程序关闭 - 时间: 2025-05-03 17:56:01
2025-05-03 17:56:01 - INFO - 应用程序关闭 - 时间: 2025-05-03 17:56:01
2025-05-03 17:56:01 - INFO - ============================================================
2025-05-03 17:56:01 - INFO - ============================================================
2025-05-03 17:56:01 - INFO - 应用程序关闭 - 时间: 2025-05-03 17:56:01
2025-05-03 17:56:01 - INFO - ============================================================
2025-05-03 17:56:01 - INFO - ============================================================
2025-05-03 17:56:01 - INFO - 应用程序关闭 - 时间: 2025-05-03 17:56:01
2025-05-03 17:56:01 - INFO - ============================================================
2025-05-03 17:56:04 - INFO - ============================================================
2025-05-03 17:56:04 - INFO - 应用程序启动 - 时间: 2025-05-03 17:56:04
2025-05-03 17:56:04 - INFO - ============================================================
2025-05-03 17:56:04 - INFO - 应用程序启动 - 时间: 2025-05-03 17:56:04
2025-05-03 17:56:04 - INFO - ============================================================
2025-05-03 17:56:04 - INFO - 应用程序启动 - 时间: 2025-05-03 17:56:04
2025-05-03 17:56:04 - INFO - ============================================================
2025-05-03 17:56:04 - INFO - 应用程序启动 - 时间: 2025-05-03 17:56:04
2025-05-03 17:56:04 - INFO - ============================================================
2025-05-03 17:56:04 - INFO - 应用程序启动 - 时间: 2025-05-03 17:56:04
2025-05-03 17:56:04 - INFO - ============================================================
2025-05-03 17:56:04 - INFO - 应用程序启动 - 时间: 2025-05-03 17:56:04
2025-05-03 17:56:04 - INFO - ============================================================
2025-05-03 17:56:04 - INFO - ============================================================
2025-05-03 17:56:04 - INFO - 应用程序启动 - 时间: 2025-05-03 17:56:04
2025-05-03 17:56:04 - INFO - 应用程序启动 - 时间: 2025-05-03 17:56:04
2025-05-03 17:56:04 - INFO - 应用程序关闭 - 时间: 2025-05-03 17:56:04
2025-05-03 17:56:04 - INFO - 应用程序关闭 - 时间: 2025-05-03 17:56:04
2025-05-03 17:56:04 - INFO - 应用程序关闭 - 时间: 2025-05-03 17:56:04
2025-05-03 17:56:04 - INFO - ============================================================
2025-05-03 17:56:04 - INFO - ============================================================
2025-05-03 17:56:04 - INFO - 应用程序关闭 - 时间: 2025-05-03 17:56:04
2025-05-03 17:56:04 - INFO - ============================================================
2025-05-03 17:56:04 - INFO - 应用程序关闭 - 时间: 2025-05-03 17:56:04
2025-05-03 17:56:04 - INFO - ============================================================
2025-05-03 17:56:04 - INFO - ============================================================
2025-05-03 17:56:04 - INFO - 应用程序关闭 - 时间: 2025-05-03 17:56:04
2025-05-03 17:56:04 - INFO - 应用程序关闭 - 时间: 2025-05-03 17:56:04
2025-05-03 17:56:04 - INFO - ============================================================
2025-05-03 17:56:04 - INFO - ============================================================
2025-05-03 17:56:06 - INFO - ============================================================
2025-05-03 17:56:06 - INFO - 应用程序启动 - 时间: 2025-05-03 17:56:06
2025-05-03 17:56:06 - INFO - ============================================================
2025-05-03 17:56:06 - INFO - 应用程序启动 - 时间: 2025-05-03 17:56:06
2025-05-03 17:56:06 - INFO - ============================================================
2025-05-03 17:56:06 - INFO - 应用程序启动 - 时间: 2025-05-03 17:56:06
2025-05-03 17:56:06 - INFO - ============================================================
2025-05-03 17:56:06 - INFO - 应用程序启动 - 时间: 2025-05-03 17:56:06
2025-05-03 17:56:06 - INFO - ============================================================
2025-05-03 17:56:06 - INFO - 应用程序启动 - 时间: 2025-05-03 17:56:06
2025-05-03 17:56:06 - INFO - ============================================================
2025-05-03 17:56:06 - INFO - 应用程序启动 - 时间: 2025-05-03 17:56:06
2025-05-03 17:56:06 - INFO - ============================================================
2025-05-03 17:56:06 - INFO - 应用程序启动 - 时间: 2025-05-03 17:56:06
2025-05-03 17:56:06 - INFO - ============================================================
2025-05-03 17:56:06 - INFO - 应用程序启动 - 时间: 2025-05-03 17:56:06
2025-05-03 17:56:07 - INFO - 应用程序关闭 - 时间: 2025-05-03 17:56:07
2025-05-03 17:56:07 - INFO - ============================================================
2025-05-03 17:56:07 - INFO - 应用程序关闭 - 时间: 2025-05-03 17:56:07
2025-05-03 17:56:07 - INFO - ============================================================
2025-05-03 17:56:07 - INFO - 应用程序关闭 - 时间: 2025-05-03 17:56:07
2025-05-03 17:56:07 - INFO - 应用程序关闭 - 时间: 2025-05-03 17:56:07
2025-05-03 17:56:07 - INFO - ============================================================
2025-05-03 17:56:07 - INFO - ============================================================
2025-05-03 17:56:07 - INFO - 应用程序关闭 - 时间: 2025-05-03 17:56:07
2025-05-03 17:56:07 - INFO - 应用程序关闭 - 时间: 2025-05-03 17:56:07
2025-05-03 17:56:07 - INFO - ============================================================
2025-05-03 17:56:07 - INFO - ============================================================
2025-05-03 17:56:07 - INFO - 应用程序关闭 - 时间: 2025-05-03 17:56:07
2025-05-03 17:56:07 - INFO - 应用程序关闭 - 时间: 2025-05-03 17:56:07
2025-05-03 17:56:07 - INFO - ============================================================
2025-05-03 17:56:07 - INFO - ============================================================
2025-05-03 17:56:09 - INFO - ============================================================
2025-05-03 17:56:09 - INFO - 应用程序启动 - 时间: 2025-05-03 17:56:09
2025-05-03 17:56:09 - INFO - ============================================================
2025-05-03 17:56:09 - INFO - 应用程序启动 - 时间: 2025-05-03 17:56:09
2025-05-03 17:56:09 - INFO - ============================================================
2025-05-03 17:56:09 - INFO - 应用程序启动 - 时间: 2025-05-03 17:56:09
2025-05-03 17:56:09 - INFO - ============================================================
2025-05-03 17:56:09 - INFO - 应用程序启动 - 时间: 2025-05-03 17:56:09
2025-05-03 17:56:09 - INFO - ============================================================
2025-05-03 17:56:09 - INFO - 应用程序启动 - 时间: 2025-05-03 17:56:09
2025-05-03 17:56:09 - INFO - ============================================================
2025-05-03 17:56:09 - INFO - 应用程序启动 - 时间: 2025-05-03 17:56:09
2025-05-03 17:56:09 - INFO - ============================================================
2025-05-03 17:56:09 - INFO - 应用程序启动 - 时间: 2025-05-03 17:56:09
2025-05-03 17:56:09 - INFO - ============================================================
2025-05-03 17:56:09 - INFO - 应用程序启动 - 时间: 2025-05-03 17:56:09
2025-05-03 17:56:09 - INFO - 应用程序关闭 - 时间: 2025-05-03 17:56:09
2025-05-03 17:56:09 - INFO - ============================================================
2025-05-03 17:56:09 - INFO - 应用程序关闭 - 时间: 2025-05-03 17:56:09
2025-05-03 17:56:09 - INFO - ============================================================
2025-05-03 17:56:09 - INFO - 应用程序关闭 - 时间: 2025-05-03 17:56:09
2025-05-03 17:56:09 - INFO - ============================================================
2025-05-03 17:56:09 - INFO - 应用程序关闭 - 时间: 2025-05-03 17:56:09
2025-05-03 17:56:09 - INFO - 应用程序关闭 - 时间: 2025-05-03 17:56:09
2025-05-03 17:56:09 - INFO - 应用程序关闭 - 时间: 2025-05-03 17:56:09
2025-05-03 17:56:09 - INFO - ============================================================
2025-05-03 17:56:09 - INFO - 应用程序关闭 - 时间: 2025-05-03 17:56:09
2025-05-03 17:56:09 - INFO - ============================================================
2025-05-03 17:56:09 - INFO - ============================================================
2025-05-03 17:56:09 - INFO - 应用程序关闭 - 时间: 2025-05-03 17:56:09
2025-05-03 17:56:09 - INFO - ============================================================
2025-05-03 17:56:10 - INFO - 调用成功: __main__.excel_search | 返回: None
2025-05-03 17:56:14 - INFO - 调用开始: __main__.move_key | 参数: () | 关键字参数: {}
2025-05-03 17:56:14 - ERROR - 调用失败: __main__.move_key | 错误: string index out of range
2025-05-03 17:56:15 - INFO - 调用开始: __main__.move_key | 参数: () | 关键字参数: {}
2025-05-03 17:56:15 - ERROR - 调用失败: __main__.move_key | 错误: string index out of range
2025-05-03 17:56:15 - INFO - 调用开始: __main__.move_key | 参数: () | 关键字参数: {}
2025-05-03 17:56:15 - ERROR - 调用失败: __main__.move_key | 错误: string index out of range
2025-05-03 17:56:15 - INFO - 调用开始: __main__.move_key | 参数: () | 关键字参数: {}
2025-05-03 17:56:15 - ERROR - 调用失败: __main__.move_key | 错误: string index out of range
2025-05-03 17:56:15 - INFO - 调用开始: __main__.move_key | 参数: () | 关键字参数: {}
2025-05-03 17:56:15 - ERROR - 调用失败: __main__.move_key | 错误: string index out of range
2025-05-03 17:56:16 - INFO - 调用开始: __main__.move_key | 参数: () | 关键字参数: {}
2025-05-03 17:56:16 - ERROR - 调用失败: __main__.move_key | 错误: string index out of range
2025-05-03 17:56:16 - INFO - 调用开始: __main__.move_key | 参数: () | 关键字参数: {}
2025-05-03 17:56:16 - ERROR - 调用失败: __main__.move_key | 错误: string index out of range
2025-05-03 17:56:16 - INFO - 调用开始: __main__.move_key | 参数: () | 关键字参数: {}
2025-05-03 17:56:16 - ERROR - 调用失败: __main__.move_key | 错误: string index out of range
2025-05-03 17:56:16 - INFO - 调用开始: __main__.move_key | 参数: () | 关键字参数: {}
2025-05-03 17:56:16 - ERROR - 调用失败: __main__.move_key | 错误: string index out of range
2025-05-03 17:56:16 - INFO - 调用开始: __main__.move_key | 参数: () | 关键字参数: {}
2025-05-03 17:56:17 - ERROR - 调用失败: __main__.move_key | 错误: string index out of range
2025-05-03 17:56:17 - INFO - 调用开始: __main__.move_key | 参数: () | 关键字参数: {}
2025-05-03 17:56:17 - ERROR - 调用失败: __main__.move_key | 错误: string index out of range
2025-05-03 17:56:17 - INFO - 调用开始: __main__.move_key | 参数: () | 关键字参数: {}
2025-05-03 17:56:17 - ERROR - 调用失败: __main__.move_key | 错误: string index out of range
2025-05-03 17:56:17 - INFO - 调用开始: __main__.move_key | 参数: () | 关键字参数: {}
2025-05-03 17:56:17 - ERROR - 调用失败: __main__.move_key | 错误: string index out of range
2025-05-03 17:56:17 - INFO - 调用开始: __main__.move_key | 参数: () | 关键字参数: {}
2025-05-03 17:56:17 - ERROR - 调用失败: __main__.move_key | 错误: string index out of range
2025-05-03 17:56:17 - INFO - 调用开始: __main__.move_key | 参数: () | 关键字参数: {}
2025-05-03 17:56:17 - ERROR - 调用失败: __main__.move_key | 错误: string index out of range
2025-05-03 17:56:17 - INFO - 调用开始: __main__.move_key | 参数: () | 关键字参数: {}
2025-05-03 17:56:17 - ERROR - 调用失败: __main__.move_key | 错误: string index out of range
2025-05-03 17:56:17 - INFO - 调用开始: __main__.move_key | 参数: () | 关键字参数: {}
2025-05-03 17:56:17 - ERROR - 调用失败: __main__.move_key | 错误: string index out of range
