2025-05-01 16:40:53 - INFO - 应用程序启动 - 时间: 2025-05-01 16:40:53
2025-05-01 16:40:54 - INFO - 调用开始: __main__.extract | 参数: () | 关键字参数: {}
2025-05-01 16:40:54 - INFO - 调用成功: __main__.extract | 返回: True
2025-05-01 16:40:58 - INFO - 调用开始: __main__.move_key | 参数: () | 关键字参数: {}
2025-05-01 16:40:58 - ERROR - 调用失败: __main__.move_key | 错误: string index out of range
2025-05-01 16:41:02 - INFO - 应用程序关闭 - 时间: 2025-05-01 16:41:02
2025-05-01 16:41:02 - INFO - ============================================================
2025-05-01 16:41:11 - INFO - 应用程序启动 - 时间: 2025-05-01 16:41:11
2025-05-01 16:41:12 - INFO - 调用开始: __main__.extract | 参数: () | 关键字参数: {}
2025-05-01 16:41:12 - INFO - 调用成功: __main__.extract | 返回: True
2025-05-01 16:41:12 - INFO - 调用开始: __main__.extract | 参数: () | 关键字参数: {}
2025-05-01 16:41:12 - INFO - 调用成功: __main__.extract | 返回: True
2025-05-01 16:41:12 - INFO - 调用开始: __main__.extract | 参数: () | 关键字参数: {}
2025-05-01 16:41:12 - INFO - 调用成功: __main__.extract | 返回: True
2025-05-01 16:41:12 - INFO - 调用开始: __main__.extract | 参数: () | 关键字参数: {}
2025-05-01 16:41:12 - INFO - 调用成功: __main__.extract | 返回: True
2025-05-01 16:41:13 - INFO - 调用开始: __main__.extract | 参数: () | 关键字参数: {}
2025-05-01 16:41:13 - INFO - 调用成功: __main__.extract | 返回: True
2025-05-01 16:41:13 - INFO - 调用开始: __main__.extract | 参数: () | 关键字参数: {}
2025-05-01 16:41:13 - INFO - 调用成功: __main__.extract | 返回: True
2025-05-01 16:41:13 - INFO - 调用开始: __main__.extract | 参数: () | 关键字参数: {}
2025-05-01 16:41:13 - INFO - 调用成功: __main__.extract | 返回: True
2025-05-01 16:41:13 - INFO - 调用开始: __main__.extract | 参数: () | 关键字参数: {}
2025-05-01 16:41:13 - INFO - 调用成功: __main__.extract | 返回: True
2025-05-01 16:41:14 - INFO - 调用开始: __main__.extract | 参数: () | 关键字参数: {}
2025-05-01 16:41:14 - INFO - 调用成功: __main__.extract | 返回: True
2025-05-01 16:41:14 - INFO - 调用开始: __main__.extract | 参数: () | 关键字参数: {}
2025-05-01 16:41:14 - INFO - 调用成功: __main__.extract | 返回: True
2025-05-01 16:41:14 - INFO - 调用开始: __main__.extract | 参数: () | 关键字参数: {}
2025-05-01 16:41:14 - INFO - 调用成功: __main__.extract | 返回: True
2025-05-01 16:41:14 - INFO - 调用开始: __main__.extract | 参数: () | 关键字参数: {}
2025-05-01 16:41:14 - INFO - 调用成功: __main__.extract | 返回: True
2025-05-01 16:41:14 - INFO - 调用开始: __main__.extract | 参数: () | 关键字参数: {}
2025-05-01 16:41:14 - INFO - 调用成功: __main__.extract | 返回: True
2025-05-01 16:41:15 - INFO - 调用开始: __main__.extract | 参数: () | 关键字参数: {}
2025-05-01 16:41:15 - INFO - 调用成功: __main__.extract | 返回: True
2025-05-01 16:41:15 - INFO - 调用开始: __main__.extract | 参数: () | 关键字参数: {}
2025-05-01 16:41:15 - INFO - 调用成功: __main__.extract | 返回: True
2025-05-01 16:41:15 - INFO - 调用开始: __main__.extract | 参数: () | 关键字参数: {}
2025-05-01 16:41:15 - INFO - 调用成功: __main__.extract | 返回: True
2025-05-01 16:41:16 - INFO - 应用程序关闭 - 时间: 2025-05-01 16:41:16
2025-05-01 16:41:16 - INFO - ============================================================
2025-05-01 16:41:44 - INFO - ============================================================
2025-05-01 16:41:44 - INFO - 应用程序启动 - 时间: 2025-05-01 16:41:44
2025-05-01 16:41:45 - INFO - 调用开始: __main__.extract | 参数: () | 关键字参数: {}
2025-05-01 16:41:45 - INFO - 调用成功: __main__.extract | 返回: True
2025-05-01 16:41:45 - INFO - 调用开始: __main__.extract | 参数: () | 关键字参数: {}
2025-05-01 16:41:45 - INFO - 调用成功: __main__.extract | 返回: True
2025-05-01 16:41:45 - INFO - 调用开始: __main__.extract | 参数: () | 关键字参数: {}
2025-05-01 16:41:45 - INFO - 调用成功: __main__.extract | 返回: True
2025-05-01 16:41:45 - INFO - 调用开始: __main__.extract | 参数: () | 关键字参数: {}
2025-05-01 16:41:46 - INFO - 调用成功: __main__.extract | 返回: True
2025-05-01 16:41:46 - INFO - 调用开始: __main__.extract | 参数: () | 关键字参数: {}
2025-05-01 16:41:46 - INFO - 调用成功: __main__.extract | 返回: True
2025-05-01 16:41:46 - INFO - 调用开始: __main__.extract | 参数: () | 关键字参数: {}
2025-05-01 16:41:46 - INFO - 调用成功: __main__.extract | 返回: True
2025-05-01 16:41:46 - INFO - 调用开始: __main__.extract | 参数: () | 关键字参数: {}
2025-05-01 16:41:46 - INFO - 调用成功: __main__.extract | 返回: True
2025-05-01 16:41:48 - INFO - 调用开始: __main__.move_key | 参数: () | 关键字参数: {}
2025-05-01 16:41:48 - ERROR - 调用失败: __main__.move_key | 错误: string index out of range
2025-05-01 16:41:49 - INFO - 调用开始: __main__.move_key | 参数: () | 关键字参数: {}
2025-05-01 16:41:49 - ERROR - 调用失败: __main__.move_key | 错误: string index out of range
2025-05-01 16:41:52 - INFO - 应用程序关闭 - 时间: 2025-05-01 16:41:52
2025-05-01 16:41:52 - INFO - ============================================================
2025-05-01 16:42:14 - INFO - ============================================================
2025-05-01 16:42:14 - INFO - 应用程序启动 - 时间: 2025-05-01 16:42:14
2025-05-01 16:42:15 - INFO - 调用开始: __main__.extract | 参数: () | 关键字参数: {}
2025-05-01 16:42:15 - INFO - 调用成功: __main__.extract | 返回: True
2025-05-01 16:42:15 - INFO - 调用开始: __main__.extract | 参数: () | 关键字参数: {}
2025-05-01 16:42:15 - INFO - 调用成功: __main__.extract | 返回: True
2025-05-01 16:42:16 - INFO - 调用开始: __main__.extract | 参数: () | 关键字参数: {}
2025-05-01 16:42:16 - INFO - 调用成功: __main__.extract | 返回: True
2025-05-01 16:42:16 - INFO - 调用开始: __main__.extract | 参数: () | 关键字参数: {}
2025-05-01 16:42:16 - INFO - 调用成功: __main__.extract | 返回: True
2025-05-01 16:42:17 - INFO - 调用开始: __main__.move_key | 参数: () | 关键字参数: {}
2025-05-01 16:42:17 - ERROR - 调用失败: __main__.move_key | 错误: string index out of range
2025-05-01 16:43:57 - INFO - ============================================================
2025-05-01 16:43:57 - INFO - 应用程序启动 - 时间: 2025-05-01 16:43:57
2025-05-01 16:44:02 - INFO - 应用程序关闭 - 时间: 2025-05-01 16:44:02
2025-05-01 16:44:02 - INFO - ============================================================
2025-05-01 16:47:32 - INFO - ============================================================
2025-05-01 16:47:32 - INFO - 应用程序启动 - 时间: 2025-05-01 16:47:32
2025-05-01 16:47:42 - INFO - 应用程序关闭 - 时间: 2025-05-01 16:47:42
2025-05-01 16:47:42 - INFO - ============================================================
2025-05-01 16:52:47 - INFO - ============================================================
2025-05-01 16:52:47 - INFO - 应用程序启动 - 时间: 2025-05-01 16:52:47
2025-05-01 16:52:53 - INFO - 调用开始: __main__.excel_search | 参数: () | 关键字参数: {}
2025-05-01 16:52:56 - INFO - ============================================================
2025-05-01 16:52:56 - INFO - 应用程序启动 - 时间: 2025-05-01 16:52:56
2025-05-01 16:52:56 - INFO - ============================================================
2025-05-01 16:52:56 - INFO - 应用程序启动 - 时间: 2025-05-01 16:52:56
2025-05-01 16:52:56 - INFO - ============================================================
2025-05-01 16:52:56 - INFO - 应用程序启动 - 时间: 2025-05-01 16:52:56
2025-05-01 16:52:56 - INFO - ============================================================
2025-05-01 16:52:56 - INFO - 应用程序启动 - 时间: 2025-05-01 16:52:56
2025-05-01 16:52:56 - INFO - ============================================================
2025-05-01 16:52:56 - INFO - 应用程序启动 - 时间: 2025-05-01 16:52:56
2025-05-01 16:52:56 - INFO - ============================================================
2025-05-01 16:52:56 - INFO - 应用程序启动 - 时间: 2025-05-01 16:52:56
2025-05-01 16:52:56 - INFO - ============================================================
2025-05-01 16:52:56 - INFO - 应用程序启动 - 时间: 2025-05-01 16:52:56
2025-05-01 16:52:56 - INFO - ============================================================
2025-05-01 16:52:56 - INFO - 应用程序启动 - 时间: 2025-05-01 16:52:56
2025-05-01 16:53:02 - INFO - 应用程序关闭 - 时间: 2025-05-01 16:53:02
2025-05-01 16:53:02 - INFO - ============================================================
2025-05-01 16:53:02 - INFO - 应用程序关闭 - 时间: 2025-05-01 16:53:02
2025-05-01 16:53:02 - INFO - 应用程序关闭 - 时间: 2025-05-01 16:53:02
2025-05-01 16:53:02 - INFO - 应用程序关闭 - 时间: 2025-05-01 16:53:02
2025-05-01 16:53:02 - INFO - ============================================================
2025-05-01 16:53:02 - INFO - ============================================================
2025-05-01 16:53:02 - INFO - 应用程序关闭 - 时间: 2025-05-01 16:53:02
==========
2025-05-01 16:53:02 - INFO - 应用程序关闭 - 时间: 2025-05-01 16:53:02
2025-05-01 16:53:02 - INFO - 应用程序关闭 - 时间: 2025-05-01 16:53:02
2025-05-01 16:53:02 - INFO - ============================================================
2025-05-01 16:53:02 - INFO - 应用程序关闭 - 时间: 2025-05-01 16:53:02
2025-05-01 16:53:02 - INFO - ============================================================
2025-05-01 16:53:05 - INFO - 调用成功: __main__.excel_search | 返回: None
2025-05-01 16:53:12 - INFO - 应用程序关闭 - 时间: 2025-05-01 16:53:12
2025-05-01 16:53:12 - INFO - ============================================================
2025-05-01 16:57:37 - INFO - ============================================================
2025-05-01 16:57:37 - INFO - 应用程序启动 - 时间: 2025-05-01 16:57:37
2025-05-01 17:00:35 - INFO - 应用程序关闭 - 时间: 2025-05-01 17:00:35
2025-05-01 17:00:35 - INFO - ============================================================
2025-05-01 17:00:37 - INFO - ============================================================
2025-05-01 17:00:37 - INFO - 应用程序启动 - 时间: 2025-05-01 17:00:37
2025-05-01 17:00:48 - INFO - 应用程序关闭 - 时间: 2025-05-01 17:00:48
2025-05-01 17:00:48 - INFO - ============================================================
2025-05-01 17:10:40 - INFO - ============================================================
2025-05-01 17:10:40 - INFO - 应用程序启动 - 时间: 2025-05-01 17:10:40
2025-05-01 17:10:43 - INFO - 调用开始: __main__.excel_search | 参数: () | 关键字参数: {}
2025-05-01 17:10:46 - INFO - ============================================================
2025-05-01 17:10:46 - INFO - 应用程序启动 - 时间: 2025-05-01 17:10:46
2025-05-01 17:10:46 - INFO - ============================================================
2025-05-01 17:10:46 - INFO - 应用程序启动 - 时间: 2025-05-01 17:10:46
2025-05-01 17:10:46 - INFO - ============================================================
2025-05-01 17:10:46 - INFO - 应用程序启动 - 时间: 2025-05-01 17:10:46
2025-05-01 17:10:46 - INFO - ============================================================
2025-05-01 17:10:46 - INFO - 应用程序启动 - 时间: 2025-05-01 17:10:46
2025-05-01 17:10:46 - INFO - ============================================================
2025-05-01 17:10:46 - INFO - 应用程序启动 - 时间: 2025-05-01 17:10:46
2025-05-01 17:10:46 - INFO - ============================================================
2025-05-01 17:10:46 - INFO - 应用程序启动 - 时间: 2025-05-01 17:10:46
2025-05-01 17:10:46 - INFO - ============================================================
2025-05-01 17:10:46 - INFO - 应用程序启动 - 时间: 2025-05-01 17:10:46
2025-05-01 17:10:46 - INFO - ============================================================
2025-05-01 17:10:46 - INFO - 应用程序启动 - 时间: 2025-05-01 17:10:46
2025-05-01 17:10:48 - INFO - 应用程序关闭 - 时间: 2025-05-01 17:10:48
2025-05-01 17:10:48 - INFO - ============================================================
2025-05-01 17:10:48 - INFO - 应用程序关闭 - 时间: 2025-05-01 17:10:48
2025-05-01 17:10:48 - INFO - ============================================================
2025-05-01 17:10:48 - INFO - 应用程序关闭 - 时间: 2025-05-01 17:10:48
2025-05-01 17:10:48 - INFO - ============================================================
2025-05-01 17:10:48 - INFO - 应用程序关闭 - 时间: 2025-05-01 17:10:48
2025-05-01 17:10:48 - INFO - ============================================================
2025-05-01 17:10:48 - INFO - 应用程序关闭 - 时间: 2025-05-01 17:10:48
2025-05-01 17:10:48 - INFO - ============================================================
2025-05-01 17:10:48 - INFO - 应用程序关闭 - 时间: 2025-05-01 17:10:48
2025-05-01 17:10:48 - INFO - ============================================================
2025-05-01 17:10:48 - INFO - 应用程序关闭 - 时间: 2025-05-01 17:10:48
2025-05-01 17:10:48 - INFO - ============================================================
2025-05-01 17:10:48 - INFO - 应用程序关闭 - 时间: 2025-05-01 17:10:48
2025-05-01 17:10:48 - INFO - ============================================================
2025-05-01 17:18:20 - INFO - ============================================================
2025-05-01 17:18:20 - INFO - 应用程序启动 - 时间: 2025-05-01 17:18:20
2025-05-01 17:18:23 - INFO - 调用开始: __main__.excel_search | 参数: () | 关键字参数: {}
2025-05-01 17:18:26 - INFO - ============================================================
2025-05-01 17:18:26 - INFO - 应用程序启动 - 时间: 2025-05-01 17:18:26
2025-05-01 17:18:26 - INFO - ============================================================
2025-05-01 17:18:26 - INFO - 应用程序启动 - 时间: 2025-05-01 17:18:26
2025-05-01 17:18:26 - INFO - ============================================================
2025-05-01 17:18:26 - INFO - 应用程序启动 - 时间: 2025-05-01 17:18:26
2025-05-01 17:18:26 - INFO - ============================================================
2025-05-01 17:18:26 - INFO - 应用程序启动 - 时间: 2025-05-01 17:18:26
2025-05-01 17:18:26 - INFO - ============================================================
2025-05-01 17:18:26 - INFO - 应用程序启动 - 时间: 2025-05-01 17:18:26
2025-05-01 17:18:26 - INFO - ============================================================
2025-05-01 17:18:26 - INFO - 应用程序启动 - 时间: 2025-05-01 17:18:26
2025-05-01 17:18:26 - INFO - ============================================================
2025-05-01 17:18:26 - INFO - 应用程序启动 - 时间: 2025-05-01 17:18:26
2025-05-01 17:18:26 - INFO - ============================================================
2025-05-01 17:18:26 - INFO - 应用程序启动 - 时间: 2025-05-01 17:18:26
2025-05-01 17:18:32 - INFO - 应用程序关闭 - 时间: 2025-05-01 17:18:32
2025-05-01 17:18:32 - INFO - ============================================================
2025-05-01 17:18:32 - INFO - 应用程序关闭 - 时间: 2025-05-01 17:18:32
2025-05-01 17:18:32 - INFO - 应用程序关闭 - 时间: 2025-05-01 17:18:32
2025-05-01 17:18:32 - INFO - ============================================================
2025-05-01 17:18:32 - INFO - 应用程序关闭 - 时间: 2025-05-01 17:18:32
2025-05-01 17:18:32 - INFO - ============================================================
2025-05-01 17:18:32 - INFO - 应用程序关闭 - 时间: 2025-05-01 17:18:32
2025-05-01 17:18:32 - INFO - ============================================================
2025-05-01 17:18:32 - INFO - ============================================================
2025-05-01 17:18:32 - INFO - ============================================================
2025-05-01 17:18:33 - INFO - 调用成功: __main__.excel_search | 返回: None
2025-05-01 17:18:58 - INFO - 应用程序关闭 - 时间: 2025-05-01 17:18:58
2025-05-01 17:18:58 - INFO - ============================================================
